<?xml version="1.0" encoding="UTF-8"?>
<!-- Generated by org.testng.reporters.JUnitReportReporter -->
<testsuite hostname="DESKTOP-CATJNUB" failures="0" tests="2" name="AkarCorp.Tests.ErrorValidationTest" time="21.219" errors="0" timestamp="2022-10-18T17:24:27 EDT" skipped="0">
  <testcase classname="AkarCorp.Tests.ErrorValidationTest" name="errorValidationLogin" time="11.531"/>
  <system-out/>
  <testcase classname="AkarCorp.Tests.ErrorValidationTest" name="errorValidationSubmitOrder" time="9.688"/>
  <system-out/>
</testsuite> <!-- AkarCorp.Tests.ErrorValidationTest -->
