<?xml version="1.0" encoding="UTF-8"?>
<!-- Generated by org.testng.reporters.JUnitReportReporter -->
<testsuite hostname="DESKTOP-CATJNUB" failures="0" tests="4" name="AkarCorp.Tests.SubmitOrderTest" time="25.504" errors="0" timestamp="2022-10-19T17:09:57 EDT" skipped="0">
  <testcase classname="AkarCorp.Tests.SubmitOrderTest" name="orderSubmit" time="7.389"/>
  <system-out/>
  <testcase classname="AkarCorp.Tests.SubmitOrderTest" name="orderHistoryVerify" time="4.806"/>
  <system-out/>
  <testcase classname="AkarCorp.Tests.SubmitOrderTest" name="orderSubmit" time="7.426"/>
  <system-out/>
  <testcase classname="AkarCorp.Tests.SubmitOrderTest" name="orderHistoryVerify" time="5.883"/>
  <system-out/>
</testsuite> <!-- AkarCorp.Tests.SubmitOrderTest -->
