<?xml version="1.0" encoding="UTF-8"?>
<!-- Generated by org.testng.reporters.JUnitReportReporter -->
<testsuite hostname="DESKTOP-CATJNUB" failures="0" tests="4" name="AkarCorp.Tests.SubmitOrderTest" time="79.243" errors="0" timestamp="2022-10-19T12:35:51 EDT" skipped="0">
  <testcase classname="AkarCorp.Tests.SubmitOrderTest" name="orderSubmit" time="12.874"/>
  <system-out/>
  <testcase classname="AkarCorp.Tests.SubmitOrderTest" name="orderHistoryVerify" time="23.782"/>
  <system-out/>
  <testcase classname="AkarCorp.Tests.SubmitOrderTest" name="orderSubmit" time="27.937"/>
  <system-out/>
  <testcase classname="AkarCorp.Tests.SubmitOrderTest" name="orderHistoryVerify" time="14.650"/>
  <system-out/>
</testsuite> <!-- AkarCorp.Tests.SubmitOrderTest -->
