<?xml version="1.0" encoding="UTF-8"?>
<!-- Generated by org.testng.reporters.JUnitReportReporter -->
<testsuite hostname="DESKTOP-CATJNUB" failures="0" tests="1" name="AkarCorp.Tests.StandAloneTest" time="9.587" errors="0" timestamp="2022-09-26T23:49:01 EDT" skipped="0">
  <testcase classname="AkarCorp.Tests.StandAloneTest" name="submitOrder" time="9.587"/>
  <system-out/>
</testsuite> <!-- AkarCorp.Tests.StandAloneTest -->
