<?xml version="1.0" encoding="UTF-8"?>
<!-- Generated by org.testng.reporters.JUnitReportReporter -->
<testsuite hostname="DESKTOP-CATJNUB" failures="0" tests="4" name="AkarCorp.Tests.SubmitOrderTest" time="32.514" errors="0" timestamp="2022-10-17T13:47:51 EDT" skipped="0">
  <testcase classname="AkarCorp.Tests.SubmitOrderTest" name="orderHistoryVerify" time="5.362"/>
  <system-out/>
  <testcase classname="AkarCorp.Tests.SubmitOrderTest" name="orderSubmit" time="9.891"/>
  <system-out/>
  <testcase classname="AkarCorp.Tests.SubmitOrderTest" name="orderSubmit" time="8.450"/>
  <system-out/>
  <testcase classname="AkarCorp.Tests.SubmitOrderTest" name="orderHistoryVerify" time="8.811"/>
  <system-out/>
</testsuite> <!-- AkarCorp.Tests.SubmitOrderTest -->
