<?xml version="1.0" encoding="UTF-8"?>
<!-- Generated by org.testng.reporters.JUnitReportReporter -->
<testsuite hostname="DESKTOP-CATJNUB" failures="0" tests="2" name="AkarCorp.Tests.ErrorValidationTest" time="17.430" errors="0" timestamp="2022-10-19T15:33:57 EDT" skipped="0">
  <testcase classname="AkarCorp.Tests.ErrorValidationTest" name="errorValidationLogin" time="10.130"/>
  <system-out/>
  <testcase classname="AkarCorp.Tests.ErrorValidationTest" name="errorValidationSubmitOrder" time="7.300"/>
  <system-out/>
</testsuite> <!-- AkarCorp.Tests.ErrorValidationTest -->
