<?xml version="1.0" encoding="UTF-8"?>
<!-- Generated by org.testng.reporters.JUnitReportReporter -->
<testsuite hostname="DESKTOP-CATJNUB" failures="0" tests="4" name="AkarCorp.Tests.SubmitOrderTest" time="25.788" errors="0" timestamp="2022-10-17T16:17:03 EDT" skipped="0">
  <testcase classname="AkarCorp.Tests.SubmitOrderTest" name="orderHistoryVerify" time="5.666"/>
  <system-out/>
  <testcase classname="AkarCorp.Tests.SubmitOrderTest" name="orderHistoryVerify" time="4.740"/>
  <system-out/>
  <testcase classname="AkarCorp.Tests.SubmitOrderTest" name="orderSubmit" time="7.549"/>
  <system-out/>
  <testcase classname="AkarCorp.Tests.SubmitOrderTest" name="orderSubmit" time="7.833"/>
  <system-out/>
</testsuite> <!-- AkarCorp.Tests.SubmitOrderTest -->
