<?xml version="1.0" encoding="UTF-8"?>
<!-- Generated by org.testng.reporters.JUnitReportReporter -->
<testsuite hostname="DESKTOP-CATJNUB" failures="0" tests="4" name="AkarCorp.Tests.SubmitOrderTest" time="26.150" errors="0" timestamp="2022-10-19T15:36:38 EDT" skipped="0">
  <testcase classname="AkarCorp.Tests.SubmitOrderTest" name="orderHistoryVerify" time="4.712"/>
  <system-out/>
  <testcase classname="AkarCorp.Tests.SubmitOrderTest" name="orderHistoryVerify" time="4.833"/>
  <system-out/>
  <testcase classname="AkarCorp.Tests.SubmitOrderTest" name="orderSubmit" time="9.008"/>
  <system-out/>
  <testcase classname="AkarCorp.Tests.SubmitOrderTest" name="orderSubmit" time="7.597"/>
  <system-out/>
</testsuite> <!-- AkarCorp.Tests.SubmitOrderTest -->
